2025-11-24 14:30:20.932 INFO (MainThread) [music_assistant] Starting Music Assistant Server (e63deababa2f45e4897526a3fff32eae) version 2.6.3 - HA add-on: False - Safe mode: False
2025-11-24 14:30:20.943 INFO (MainThread) [music_assistant.cache] Initializing cache controller...
2025-11-24 14:30:21.236 INFO (MainThread) [ffmpeg] Detected ffmpeg version 7.1.1 with libsoxr support
2025-11-24 14:30:21.258 INFO (MainThread) [music_assistant.streams] 

################################################################################
Starting streamserver on  192.168.1.43:8097
This is the IP address that is communicated to players.
If this is incorrect, audio will not play!
See the documentation how to configure the publish IP for the Streamserver
in Settings --> Core modules --> Streamserver
################################################################################

2025-11-24 14:30:21.298 INFO (MainThread) [music_assistant.music] Using a sync interval of 720 minutes.
2025-11-24 14:30:21.328 INFO (MainThread) [music_assistant.webserver] Starting webserver on  0.0.0.0:8095 - base url: http://192.168.1.43:8095
#

2025-11-24 14:30:22.658 INFO (MainThread) [music_assistant] Loaded player provider Playergroup
2025-11-24 14:30:22.658 INFO (MainThread) [music_assistant] Loaded player provider Music Assistant
2025-11-24 14:30:22.659 INFO (MainThread) [music_assistant] Loaded metadata provider LRCLIB
2025-11-24 14:30:22.659 INFO (MainThread) [music_assistant] Loaded metadata provider MusicBrainz
2025-11-24 14:30:22.659 INFO (MainThread) [music_assistant] Loaded music provider Music Assistant
2025-11-24 14:30:22.660 INFO (MainThread) [music_assistant] Loaded metadata provider fanart.tv
2025-11-24 14:30:22.661 INFO (MainThread) [music_assistant.players] Player registered: ugp_re7fxsxi/Salon
2025-11-24 14:30:22.661 INFO (MainThread) [music_assistant] Loaded metadata provider The Audio DB
2025-11-24 14:30:22.669 WARNING (MainThread) [music_assistant] Error loading provider(instance) spotify--QN9Bo9be: Configuration is invalid (will be retried later)
2025-11-24 14:30:22.690 INFO (MainThread) [music_assistant] Loaded player provider Chromecast
2025-11-24 14:30:22.977 INFO (MainThread) [music_assistant.players] Player registered: 9d52d63d-500c-3b47-6e03-0ca6aadae9fc/Android TV
2025-11-24 14:30:23.065 INFO (MainThread) [music_assistant.players] Player registered: ebd636b0-1e3e-7304-472e-7bd074202c0d/La Boîte concept
2025-11-24 14:30:32.675 WARNING (MainThread) [music_assistant.webserver] Received unhandled GET request to // from 192.168.1.161
headers: <CIMultiDictProxy('Host': '192.168.1.43:8095', 'Connection': 'keep-alive', 'Upgrade-Insecure-Requests': '1', 'User-Agent': 'Mozilla/5.0 (X11; Linux x86_64) AppleWebKit/537.36 (KHTML, like Gecko) Chrome/142.0.0.0 Safari/537.36', 'Accept': 'text/html,application/xhtml+xml,application/xml;q=0.9,image/avif,image/webp,image/apng,*/*;q=0.8,application/signed-exchange;v=b3;q=0.7', 'Accept-Encoding': 'gzip, deflate', 'Accept-Language': 'fr-FR,fr;q=0.9,en-US;q=0.8,en;q=0.7,es;q=0.6,it;q=0.5')>

2025-11-24 14:30:43.908 WARNING (MainThread) [music_assistant.webserver] Received unhandled GET request to // from 192.168.1.161
headers: <CIMultiDictProxy('Host': '192.168.1.43:8095', 'Connection': 'keep-alive', 'Upgrade-Insecure-Requests': '1', 'User-Agent': 'Mozilla/5.0 (X11; Linux x86_64) AppleWebKit/537.36 (KHTML, like Gecko) Chrome/142.0.0.0 Safari/537.36', 'Accept': 'text/html,application/xhtml+xml,application/xml;q=0.9,image/avif,image/webp,image/apng,*/*;q=0.8,application/signed-exchange;v=b3;q=0.7', 'Accept-Encoding': 'gzip, deflate', 'Accept-Language': 'fr-FR,fr;q=0.9,en-US;q=0.8,en;q=0.7,es;q=0.6,it;q=0.5')>

2025-11-24 14:32:22.675 WARNING (MainThread) [music_assistant] Error loading provider(instance) spotify--QN9Bo9be: Configuration is invalid (will be retried later)
2025-11-24 14:33:46.049 INFO (MainThread) [music_assistant.players] Player registered: ma_bzuzytzhap/This Device
2025-11-24 14:34:22.680 WARNING (MainThread) [music_assistant] Error loading provider(instance) spotify--QN9Bo9be: Configuration is invalid (will be retried later)
2025-11-24 14:34:45.414 INFO (MainThread) [music_assistant.players] Player registered: ma_tgjrsq64jm/This Device
2025-11-24 14:35:24.336 INFO (MainThread) [music_assistant.player_queues] Fetching tracks to play for album &
2025-11-24 14:35:24.344 ERROR (MainThread) [music_assistant.webserver] Error handling message: player_queues/play_media: No playable items found
2025-11-24 14:35:42.673 INFO (MainThread) [music_assistant.player_queues] Fetching tracks to play for album aimée
2025-11-24 14:35:42.684 ERROR (MainThread) [music_assistant.webserver] Error handling message: player_queues/play_media: No playable items found
2025-11-24 14:36:22.686 WARNING (MainThread) [music_assistant] Error loading provider(instance) spotify--QN9Bo9be: Configuration is invalid (will be retried later)
2025-11-24 14:36:33.627 INFO (MainThread) [music_assistant.player_queues] Fetching tracks to play for album &
2025-11-24 14:36:33.632 ERROR (MainThread) [music_assistant.webserver] Error handling message: player_queues/play_media: No playable items found
2025-11-24 14:36:41.483 INFO (MainThread) [music_assistant.player_queues] Fetching tracks to play for album BLIZZARD
2025-11-24 14:36:41.488 ERROR (MainThread) [music_assistant.webserver] Error handling message: player_queues/play_media: No playable items found
2025-11-24 14:36:48.260 INFO (MainThread) [music_assistant.player_queues] Fetching tracks to play for album BLIZZARD
2025-11-24 14:36:48.264 ERROR (MainThread) [music_assistant.webserver] Error handling message: player_queues/play_media: No playable items found
2025-11-24 14:37:14.893 INFO (MainThread) [music_assistant.spotify] Attempt 1/5 failed: Spotify Rate Limiter
2025-11-24 14:37:14.893 INFO (MainThread) [music_assistant.spotify] Retrying in 9 seconds...
2025-11-24 14:37:23.925 INFO (MainThread) [music_assistant.spotify] Attempt 2/5 failed: Spotify Rate Limiter
2025-11-24 14:37:23.926 INFO (MainThread) [music_assistant.spotify] Retrying in 1 seconds...
2025-11-24 14:37:25.004 INFO (MainThread) [music_assistant.spotify] Successfully logged in to Spotify as 1132820131
2025-11-24 14:37:25.004 INFO (MainThread) [music_assistant] Loaded music provider Spotify
2025-11-24 14:37:41.430 INFO (MainThread) [music_assistant.player_queues] Fetching tracks to play for album BLIZZARD
2025-11-24 14:37:41.529 INFO (MainThread) [music_assistant.spotify] Attempt 1/5 failed: Spotify Rate Limiter
2025-11-24 14:37:41.529 INFO (MainThread) [music_assistant.spotify] Retrying in 13 seconds...
2025-11-24 14:37:50.290 INFO (MainThread) [music_assistant.player_queues] Fetching tracks to play for album LØVE
2025-11-24 14:37:50.328 INFO (MainThread) [music_assistant.spotify] Attempt 1/5 failed: Spotify Rate Limiter
2025-11-24 14:37:50.328 INFO (MainThread) [music_assistant.spotify] Retrying in 4 seconds...
2025-11-24 14:37:54.359 INFO (MainThread) [music_assistant.spotify] Attempt 2/5 failed: Spotify Rate Limiter
2025-11-24 14:37:54.359 INFO (MainThread) [music_assistant.spotify] Retrying in 1 seconds...
2025-11-24 14:37:54.561 INFO (MainThread) [music_assistant.spotify] Attempt 2/5 failed: Spotify Rate Limiter
2025-11-24 14:37:54.561 INFO (MainThread) [music_assistant.spotify] Retrying in 1 seconds...
2025-11-24 14:37:59.319 INFO (MainThread) [music_assistant.player_queues] Fetching tracks to play for album BLIZZARD
2025-11-24 14:39:24.459 INFO (MainThread) [music_assistant.spotify] Attempt 1/5 failed: Spotify Rate Limiter
2025-11-24 14:39:24.459 INFO (MainThread) [music_assistant.spotify] Retrying in 1 seconds...
